0 info it worked if it ends with ok
1 verbose cli [
1 verbose cli   '/Users/scottanderson/.nvm/versions/node/v12.18.4/bin/node',
1 verbose cli   '/Users/scottanderson/Coding/OpsSpark/VueTravisTest/node_modules/.bin/npm',
1 verbose cli   'run',
1 verbose cli   'dev'
1 verbose cli ]
2 info using npm@2.15.12
3 info using node@v12.18.4
4 warn invalid config loglevel="notice"
5 verbose run-script [ 'predev', 'dev', 'postdev' ]
6 info predev VueTravisTest@1.0.0
7 info dev VueTravisTest@1.0.0
8 verbose unsafe-perm in lifecycle true
9 info VueTravisTest@1.0.0 Failed to exec dev script
10 verbose stack Error: VueTravisTest@1.0.0 dev: `webpack-dev --mode development`
10 verbose stack spawn ENOENT
10 verbose stack     at ChildProcess.<anonymous> (/Users/scottanderson/Coding/OpsSpark/VueTravisTest/node_modules/npm/lib/utils/spawn.js:17:16)
10 verbose stack     at ChildProcess.emit (events.js:315:20)
10 verbose stack     at maybeClose (internal/child_process.js:1021:16)
10 verbose stack     at Process.ChildProcess._handle.onexit (internal/child_process.js:286:5)
11 verbose pkgid VueTravisTest@1.0.0
12 verbose cwd /Users/scottanderson/Coding/OpsSpark/VueTravisTest
13 error Darwin 19.6.0
14 error argv "/Users/scottanderson/.nvm/versions/node/v12.18.4/bin/node" "/Users/scottanderson/Coding/OpsSpark/VueTravisTest/node_modules/.bin/npm" "run" "dev"
15 error node v12.18.4
16 error npm  v2.15.12
17 error file sh
18 error code ELIFECYCLE
19 error errno ENOENT
20 error syscall spawn
21 error VueTravisTest@1.0.0 dev: `webpack-dev --mode development`
21 error spawn ENOENT
22 error Failed at the VueTravisTest@1.0.0 dev script 'webpack-dev --mode development'.
22 error This is most likely a problem with the VueTravisTest package,
22 error not with npm itself.
22 error Tell the author that this fails on your system:
22 error     webpack-dev --mode development
22 error You can get information on how to open an issue for this project with:
22 error     npm bugs VueTravisTest
22 error Or if that isn't available, you can get their info via:
22 error
22 error     npm owner ls VueTravisTest
22 error There is likely additional logging output above.
23 verbose exit [ 1, true ]
